TN:
SF:src/pages/public/loginPage/index.tsx
FN:15,LoginPage
FN:28,(anonymous_2)
FNF:2
FNH:1
FNDA:1,LoginPage
FNDA:0,(anonymous_2)
DA:1,1
DA:2,1
DA:3,1
DA:4,1
DA:5,1
DA:6,1
DA:7,1
DA:8,1
DA:9,1
DA:10,1
DA:11,1
DA:13,1
DA:15,1
DA:20,1
DA:28,1
DA:29,0
DA:35,1
LF:17
LH:16
BRF:0
BRH:0
end_of_record
TN:
SF:src/schemas/pages/public/loginSchemaRequest.ts
FNF:0
FNH:0
DA:1,1
DA:3,1
LF:2
LH:2
BRF:0
BRH:0
end_of_record
TN:
SF:src/test/GeneralProviderContexts.tsx
FN:8,(anonymous_0)
FNF:1
FNH:1
FNDA:1,(anonymous_0)
DA:1,1
DA:2,1
DA:3,1
DA:5,1
DA:8,1
DA:9,1
DA:10,1
DA:13,1
DA:19,1
DA:21,1
DA:24,1
LF:11
LH:11
BRDA:8,0,0,1
BRDA:8,1,0,1
BRF:2
BRH:2
end_of_record
